android/app/build/intermediates/manifest_merge_blame_file/debug/processDebugMainManifest/manifest-merger-blame-debug-report.txt
1<?xml version="1.0" encoding="utf-8"?>
2<manifest xmlns:android="http://schemas.android.com/apk/res/android"
3    package="com.globalrubber.hub"
4    android:versionCode="1"
5    android:versionName="1.0" >
6
7    <uses-sdk
8        android:minSdkVersion="22"
9        android:targetSdkVersion="34" />
10
11    <!-- Permissions -->
12
13    <uses-permission android:name="android.permission.INTERNET" />
13-->src\main\AndroidManifest.xml:40:5-67
13-->src\main\AndroidManifest.xml:40:22-64
14
15    <queries>
15-->[:capacitor-camera] AndroidManifest.xml:7:5-11:15
16        <intent>
16-->[:capacitor-camera] AndroidManifest.xml:8:9-10:18
17            <action android:name="android.media.action.IMAGE_CAPTURE" />
17-->[:capacitor-camera] AndroidManifest.xml:9:13-73
17-->[:capacitor-camera] AndroidManifest.xml:9:21-70
18        </intent>
19
20        <package android:name="com.facebook.katana" />
20-->[com.facebook.android:facebook-common:18.1.3] AndroidManifest.xml:16:9-55
20-->[com.facebook.android:facebook-common:18.1.3] AndroidManifest.xml:16:18-52
21
22        <intent>
22-->[com.google.androidbrowserhelper:androidbrowserhelper:2.5.0] AndroidManifest.xml:27:9-33:18
23            <action android:name="android.intent.action.VIEW" />
23-->[com.facebook.android:facebook-common:18.1.3] AndroidManifest.xml:30:17-69
23-->[com.facebook.android:facebook-common:18.1.3] AndroidManifest.xml:30:25-66
24
25            <category android:name="android.intent.category.BROWSABLE" />
25-->[com.facebook.android:facebook-common:18.1.3] AndroidManifest.xml:33:17-78
25-->[com.facebook.android:facebook-common:18.1.3] AndroidManifest.xml:33:27-75
26
27            <data android:scheme="https" />
27-->[com.facebook.android:facebook-common:18.1.3] AndroidManifest.xml:35:17-37:50
27-->[com.facebook.android:facebook-common:18.1.3] AndroidManifest.xml:37:21-47
28        </intent>
29    </queries>
30
31    <uses-permission android:name="android.permission.VIBRATE" />
31-->[:capacitor-haptics] AndroidManifest.xml:7:5-66
31-->[:capacitor-haptics] AndroidManifest.xml:7:22-63
32    <uses-permission android:name="android.permission.USE_CREDENTIALS" />
32-->[:capgo-capacitor-social-login] AndroidManifest.xml:8:5-74
32-->[:capgo-capacitor-social-login] AndroidManifest.xml:8:22-71
33    <uses-permission android:name="android.permission.GET_ACCOUNTS" />
33-->[:capacitor-cordova-android-plugins] AndroidManifest.xml:8:5-71
33-->[:capacitor-cordova-android-plugins] AndroidManifest.xml:8:22-68
34    <uses-permission android:name="android.permission.USE_BIOMETRIC" /> <!-- suppress DeprecatedClassUsageInspection -->
34-->[androidx.biometric:biometric:1.1.0] AndroidManifest.xml:24:5-72
34-->[androidx.biometric:biometric:1.1.0] AndroidManifest.xml:24:22-69
35    <uses-permission android:name="android.permission.USE_FINGERPRINT" />
35-->[androidx.biometric:biometric:1.1.0] AndroidManifest.xml:27:5-74
35-->[androidx.biometric:biometric:1.1.0] AndroidManifest.xml:27:22-71
36    <uses-permission android:name="android.permission.ACCESS_NETWORK_STATE" />
36-->[com.google.firebase:firebase-messaging:23.3.1] AndroidManifest.xml:22:5-79
36-->[com.google.firebase:firebase-messaging:23.3.1] AndroidManifest.xml:22:22-76
37    <uses-permission android:name="android.permission.POST_NOTIFICATIONS" />
37-->[com.google.firebase:firebase-messaging:23.3.1] AndroidManifest.xml:23:5-77
37-->[com.google.firebase:firebase-messaging:23.3.1] AndroidManifest.xml:23:22-74
38    <uses-permission android:name="android.permission.WAKE_LOCK" /> <!-- Required by older versions of Google Play services to create IID tokens -->
38-->[com.google.firebase:firebase-messaging:23.3.1] AndroidManifest.xml:24:5-68
38-->[com.google.firebase:firebase-messaging:23.3.1] AndroidManifest.xml:24:22-65
39    <uses-permission android:name="com.google.android.c2dm.permission.RECEIVE" />
39-->[com.google.firebase:firebase-messaging:23.3.1] AndroidManifest.xml:26:5-82
39-->[com.google.firebase:firebase-messaging:23.3.1] AndroidManifest.xml:26:22-79
40    <uses-permission android:name="com.google.android.gms.permission.AD_ID" /> <!-- Support for Google Privacy Sandbox adservices API -->
40-->[com.facebook.android:facebook-core:18.1.3] AndroidManifest.xml:14:5-79
40-->[com.facebook.android:facebook-core:18.1.3] AndroidManifest.xml:14:22-76
41    <uses-permission android:name="android.permission.ACCESS_ADSERVICES_ATTRIBUTION" />
41-->[com.facebook.android:facebook-core:18.1.3] AndroidManifest.xml:16:5-88
41-->[com.facebook.android:facebook-core:18.1.3] AndroidManifest.xml:16:22-85
42    <uses-permission android:name="android.permission.ACCESS_ADSERVICES_AD_ID" />
42-->[com.facebook.android:facebook-core:18.1.3] AndroidManifest.xml:17:5-82
42-->[com.facebook.android:facebook-core:18.1.3] AndroidManifest.xml:17:22-79
43    <uses-permission android:name="android.permission.ACCESS_ADSERVICES_CUSTOM_AUDIENCE" />
43-->[com.facebook.android:facebook-core:18.1.3] AndroidManifest.xml:18:5-92
43-->[com.facebook.android:facebook-core:18.1.3] AndroidManifest.xml:18:22-89
44    <uses-permission android:name="android.permission.ACCESS_ADSERVICES_TOPICS" />
44-->[com.facebook.android:facebook-core:18.1.3] AndroidManifest.xml:19:5-83
44-->[com.facebook.android:facebook-core:18.1.3] AndroidManifest.xml:19:22-80
45
46    <permission
46-->[androidx.core:core:1.15.0] AndroidManifest.xml:22:5-24:47
47        android:name="com.globalrubber.hub.DYNAMIC_RECEIVER_NOT_EXPORTED_PERMISSION"
47-->[androidx.core:core:1.15.0] AndroidManifest.xml:23:9-81
48        android:protectionLevel="signature" />
48-->[androidx.core:core:1.15.0] AndroidManifest.xml:24:9-44
49
50    <uses-permission android:name="com.globalrubber.hub.DYNAMIC_RECEIVER_NOT_EXPORTED_PERMISSION" />
50-->[androidx.core:core:1.15.0] AndroidManifest.xml:26:5-97
50-->[androidx.core:core:1.15.0] AndroidManifest.xml:26:22-94
51    <uses-permission android:name="com.google.android.finsky.permission.BIND_GET_INSTALL_REFERRER_SERVICE" />
51-->[com.android.installreferrer:installreferrer:1.1] AndroidManifest.xml:5:5-110
51-->[com.android.installreferrer:installreferrer:1.1] AndroidManifest.xml:5:22-107
52    <uses-permission android:name="android.permission.WRITE_EXTERNAL_STORAGE" />
53    <uses-permission android:name="android.permission.READ_PHONE_STATE" />
54    <uses-permission android:name="android.permission.READ_EXTERNAL_STORAGE" />
55
56    <application
56-->src\main\AndroidManifest.xml:4:5-36:19
57        android:allowBackup="true"
57-->src\main\AndroidManifest.xml:5:9-35
58        android:appComponentFactory="androidx.core.app.CoreComponentFactory"
58-->[androidx.core:core:1.15.0] AndroidManifest.xml:28:18-86
59        android:debuggable="true"
60        android:extractNativeLibs="true"
61        android:icon="@mipmap/ic_launcher"
61-->src\main\AndroidManifest.xml:6:9-43
62        android:label="@string/app_name"
62-->src\main\AndroidManifest.xml:7:9-41
63        android:roundIcon="@mipmap/ic_launcher_round"
63-->src\main\AndroidManifest.xml:8:9-54
64        android:supportsRtl="true"
64-->src\main\AndroidManifest.xml:9:9-35
65        android:theme="@style/AppTheme" >
65-->src\main\AndroidManifest.xml:10:9-40
66        <activity
66-->src\main\AndroidManifest.xml:12:9-25:20
67            android:name="com.globalrubber.hub.MainActivity"
67-->src\main\AndroidManifest.xml:14:13-41
68            android:configChanges="orientation|keyboardHidden|keyboard|screenSize|locale|smallestScreenSize|screenLayout|uiMode"
68-->src\main\AndroidManifest.xml:13:13-129
69            android:exported="true"
69-->src\main\AndroidManifest.xml:18:13-36
70            android:label="@string/title_activity_main"
70-->src\main\AndroidManifest.xml:15:13-56
71            android:launchMode="singleTask"
71-->src\main\AndroidManifest.xml:17:13-44
72            android:theme="@style/AppTheme.NoActionBarLaunch" >
72-->src\main\AndroidManifest.xml:16:13-62
73            <intent-filter>
73-->src\main\AndroidManifest.xml:20:13-23:29
74                <action android:name="android.intent.action.MAIN" />
74-->src\main\AndroidManifest.xml:21:17-69
74-->src\main\AndroidManifest.xml:21:25-66
75
76                <category android:name="android.intent.category.LAUNCHER" />
76-->src\main\AndroidManifest.xml:22:17-77
76-->src\main\AndroidManifest.xml:22:27-74
77            </intent-filter>
78        </activity>
79
80        <provider
81            android:name="androidx.core.content.FileProvider"
81-->src\main\AndroidManifest.xml:28:13-62
82            android:authorities="com.globalrubber.hub.fileprovider"
82-->src\main\AndroidManifest.xml:29:13-64
83            android:exported="false"
83-->src\main\AndroidManifest.xml:30:13-37
84            android:grantUriPermissions="true" >
84-->src\main\AndroidManifest.xml:31:13-47
85            <meta-data
85-->src\main\AndroidManifest.xml:32:13-34:64
86                android:name="android.support.FILE_PROVIDER_PATHS"
86-->src\main\AndroidManifest.xml:33:17-67
87                android:resource="@xml/file_paths" />
87-->src\main\AndroidManifest.xml:34:17-51
88        </provider>
89
90        <service
90-->[:capacitor-push-notifications] AndroidManifest.xml:8:9-14:19
91            android:name="com.capacitorjs.plugins.pushnotifications.MessagingService"
91-->[:capacitor-push-notifications] AndroidManifest.xml:9:13-86
92            android:exported="false" >
92-->[:capacitor-push-notifications] AndroidManifest.xml:10:13-37
93            <intent-filter>
93-->[:capacitor-push-notifications] AndroidManifest.xml:11:13-13:29
94                <action android:name="com.google.firebase.MESSAGING_EVENT" />
94-->[:capacitor-push-notifications] AndroidManifest.xml:12:17-78
94-->[:capacitor-push-notifications] AndroidManifest.xml:12:25-75
95            </intent-filter>
96        </service>
97
98        <activity
98-->[:capgo-capacitor-social-login] AndroidManifest.xml:18:9-21:84
99            android:name="ee.forgr.capacitor.social.login.TwitterLoginActivity"
99-->[:capgo-capacitor-social-login] AndroidManifest.xml:19:13-80
100            android:exported="false"
100-->[:capgo-capacitor-social-login] AndroidManifest.xml:20:13-37
101            android:theme="@android:style/Theme.DeviceDefault.Light.NoActionBar" />
101-->[:capgo-capacitor-social-login] AndroidManifest.xml:21:13-81
102        <activity
102-->[:capgo-capacitor-social-login] AndroidManifest.xml:22:9-25:84
103            android:name="ee.forgr.capacitor.social.login.OAuth2LoginActivity"
103-->[:capgo-capacitor-social-login] AndroidManifest.xml:23:13-79
104            android:exported="false"
104-->[:capgo-capacitor-social-login] AndroidManifest.xml:24:13-37
105            android:theme="@android:style/Theme.DeviceDefault.Light.NoActionBar" />
105-->[:capgo-capacitor-social-login] AndroidManifest.xml:25:13-81
106
107        <provider
107-->[:capacitor-cordova-android-plugins] AndroidManifest.xml:12:9-20:20
108            android:name="org.apache.cordova.camera.FileProvider"
108-->[:capacitor-cordova-android-plugins] AndroidManifest.xml:13:13-66
109            android:authorities="com.globalrubber.hub.cordova.plugin.camera.provider"
109-->[:capacitor-cordova-android-plugins] AndroidManifest.xml:14:13-82
110            android:exported="false"
110-->[:capacitor-cordova-android-plugins] AndroidManifest.xml:15:13-37
111            android:grantUriPermissions="true" >
111-->[:capacitor-cordova-android-plugins] AndroidManifest.xml:16:13-47
112            <meta-data
112-->src\main\AndroidManifest.xml:32:13-34:64
113                android:name="android.support.FILE_PROVIDER_PATHS"
113-->src\main\AndroidManifest.xml:33:17-67
114                android:resource="@xml/camera_provider_paths" />
114-->src\main\AndroidManifest.xml:34:17-51
115        </provider>
116
117        <service
117-->[androidx.credentials:credentials-play-services-auth:1.5.0] AndroidManifest.xml:24:9-32:19
118            android:name="androidx.credentials.playservices.CredentialProviderMetadataHolder"
118-->[androidx.credentials:credentials-play-services-auth:1.5.0] AndroidManifest.xml:25:13-94
119            android:enabled="true"
119-->[androidx.credentials:credentials-play-services-auth:1.5.0] AndroidManifest.xml:26:13-35
120            android:exported="false" >
120-->[androidx.credentials:credentials-play-services-auth:1.5.0] AndroidManifest.xml:27:13-37
121            <meta-data
121-->[androidx.credentials:credentials-play-services-auth:1.5.0] AndroidManifest.xml:29:13-31:104
122                android:name="androidx.credentials.CREDENTIAL_PROVIDER_KEY"
122-->[androidx.credentials:credentials-play-services-auth:1.5.0] AndroidManifest.xml:30:17-76
123                android:value="androidx.credentials.playservices.CredentialProviderPlayServicesImpl" />
123-->[androidx.credentials:credentials-play-services-auth:1.5.0] AndroidManifest.xml:31:17-101
124        </service>
125
126        <activity
126-->[androidx.credentials:credentials-play-services-auth:1.5.0] AndroidManifest.xml:34:9-41:20
127            android:name="androidx.credentials.playservices.HiddenActivity"
127-->[androidx.credentials:credentials-play-services-auth:1.5.0] AndroidManifest.xml:35:13-76
128            android:configChanges="orientation|screenSize|screenLayout|keyboardHidden"
128-->[androidx.credentials:credentials-play-services-auth:1.5.0] AndroidManifest.xml:36:13-87
129            android:enabled="true"
129-->[androidx.credentials:credentials-play-services-auth:1.5.0] AndroidManifest.xml:37:13-35
130            android:exported="false"
130-->[androidx.credentials:credentials-play-services-auth:1.5.0] AndroidManifest.xml:38:13-37
131            android:fitsSystemWindows="true"
131-->[androidx.credentials:credentials-play-services-auth:1.5.0] AndroidManifest.xml:39:13-45
132            android:theme="@style/Theme.Hidden" >
132-->[androidx.credentials:credentials-play-services-auth:1.5.0] AndroidManifest.xml:40:13-48
133        </activity>
134        <activity
134-->[androidx.credentials:credentials-play-services-auth:1.5.0] AndroidManifest.xml:42:9-49:20
135            android:name="androidx.credentials.playservices.IdentityCredentialApiHiddenActivity"
135-->[androidx.credentials:credentials-play-services-auth:1.5.0] AndroidManifest.xml:43:13-97
136            android:configChanges="orientation|screenSize|screenLayout|keyboardHidden"
136-->[androidx.credentials:credentials-play-services-auth:1.5.0] AndroidManifest.xml:44:13-87
137            android:enabled="true"
137-->[androidx.credentials:credentials-play-services-auth:1.5.0] AndroidManifest.xml:45:13-35
138            android:exported="false"
138-->[androidx.credentials:credentials-play-services-auth:1.5.0] AndroidManifest.xml:46:13-37
139            android:fitsSystemWindows="true"
139-->[androidx.credentials:credentials-play-services-auth:1.5.0] AndroidManifest.xml:47:13-45
140            android:theme="@style/Theme.Hidden" >
140-->[androidx.credentials:credentials-play-services-auth:1.5.0] AndroidManifest.xml:48:13-48
141        </activity>
142        <activity
142-->[com.facebook.android:facebook-common:18.1.3] AndroidManifest.xml:20:9-23:66
143            android:name="com.facebook.FacebookActivity"
143-->[com.facebook.android:facebook-common:18.1.3] AndroidManifest.xml:21:13-57
144            android:configChanges="keyboard|keyboardHidden|screenLayout|screenSize|orientation"
144-->[com.facebook.android:facebook-common:18.1.3] AndroidManifest.xml:22:13-96
145            android:theme="@style/com_facebook_activity_theme" />
145-->[com.facebook.android:facebook-common:18.1.3] AndroidManifest.xml:23:13-63
146        <activity android:name="com.facebook.CustomTabMainActivity" />
146-->[com.facebook.android:facebook-common:18.1.3] AndroidManifest.xml:24:9-71
146-->[com.facebook.android:facebook-common:18.1.3] AndroidManifest.xml:24:19-68
147        <activity
147-->[com.facebook.android:facebook-common:18.1.3] AndroidManifest.xml:25:9-39:20
148            android:name="com.facebook.CustomTabActivity"
148-->[com.facebook.android:facebook-common:18.1.3] AndroidManifest.xml:26:13-58
149            android:exported="true" >
149-->[com.facebook.android:facebook-common:18.1.3] AndroidManifest.xml:27:13-36
150            <intent-filter>
150-->[com.facebook.android:facebook-common:18.1.3] AndroidManifest.xml:29:13-38:29
151                <action android:name="android.intent.action.VIEW" />
151-->[com.facebook.android:facebook-common:18.1.3] AndroidManifest.xml:30:17-69
151-->[com.facebook.android:facebook-common:18.1.3] AndroidManifest.xml:30:25-66
152
153                <category android:name="android.intent.category.DEFAULT" />
153-->[com.facebook.android:facebook-common:18.1.3] AndroidManifest.xml:32:17-76
153-->[com.facebook.android:facebook-common:18.1.3] AndroidManifest.xml:32:27-73
154                <category android:name="android.intent.category.BROWSABLE" />
154-->[com.facebook.android:facebook-common:18.1.3] AndroidManifest.xml:33:17-78
154-->[com.facebook.android:facebook-common:18.1.3] AndroidManifest.xml:33:27-75
155
156                <data
156-->[com.facebook.android:facebook-common:18.1.3] AndroidManifest.xml:35:17-37:50
157                    android:host="cct.com.globalrubber.hub"
157-->[com.facebook.android:facebook-common:18.1.3] AndroidManifest.xml:36:21-56
158                    android:scheme="fbconnect" />
158-->[com.facebook.android:facebook-common:18.1.3] AndroidManifest.xml:37:21-47
159            </intent-filter>
160        </activity>
161
162        <provider
162-->[androidx.emoji2:emoji2:1.2.0] AndroidManifest.xml:24:9-32:20
163            android:name="androidx.startup.InitializationProvider"
163-->[androidx.emoji2:emoji2:1.2.0] AndroidManifest.xml:25:13-67
164            android:authorities="com.globalrubber.hub.androidx-startup"
164-->[androidx.emoji2:emoji2:1.2.0] AndroidManifest.xml:26:13-68
165            android:exported="false" >
165-->[androidx.emoji2:emoji2:1.2.0] AndroidManifest.xml:27:13-37
166            <meta-data
166-->[androidx.emoji2:emoji2:1.2.0] AndroidManifest.xml:29:13-31:52
167                android:name="androidx.emoji2.text.EmojiCompatInitializer"
167-->[androidx.emoji2:emoji2:1.2.0] AndroidManifest.xml:30:17-75
168                android:value="androidx.startup" />
168-->[androidx.emoji2:emoji2:1.2.0] AndroidManifest.xml:31:17-49
169            <meta-data
169-->[androidx.lifecycle:lifecycle-process:2.6.2] AndroidManifest.xml:29:13-31:52
170                android:name="androidx.lifecycle.ProcessLifecycleInitializer"
170-->[androidx.lifecycle:lifecycle-process:2.6.2] AndroidManifest.xml:30:17-78
171                android:value="androidx.startup" />
171-->[androidx.lifecycle:lifecycle-process:2.6.2] AndroidManifest.xml:31:17-49
172            <meta-data
172-->[androidx.profileinstaller:profileinstaller:1.3.1] AndroidManifest.xml:29:13-31:52
173                android:name="androidx.profileinstaller.ProfileInstallerInitializer"
173-->[androidx.profileinstaller:profileinstaller:1.3.1] AndroidManifest.xml:30:17-85
174                android:value="androidx.startup" />
174-->[androidx.profileinstaller:profileinstaller:1.3.1] AndroidManifest.xml:31:17-49
175        </provider>
176
177        <activity
177-->[com.google.android.gms:play-services-auth:21.4.0] AndroidManifest.xml:23:9-27:75
178            android:name="com.google.android.gms.auth.api.signin.internal.SignInHubActivity"
178-->[com.google.android.gms:play-services-auth:21.4.0] AndroidManifest.xml:24:13-93
179            android:excludeFromRecents="true"
179-->[com.google.android.gms:play-services-auth:21.4.0] AndroidManifest.xml:25:13-46
180            android:exported="false"
180-->[com.google.android.gms:play-services-auth:21.4.0] AndroidManifest.xml:26:13-37
181            android:theme="@android:style/Theme.Translucent.NoTitleBar" />
181-->[com.google.android.gms:play-services-auth:21.4.0] AndroidManifest.xml:27:13-72
182        <!--
183            Service handling Google Sign-In user revocation. For apps that do not integrate with
184            Google Sign-In, this service will never be started.
185        -->
186        <service
186-->[com.google.android.gms:play-services-auth:21.4.0] AndroidManifest.xml:33:9-37:51
187            android:name="com.google.android.gms.auth.api.signin.RevocationBoundService"
187-->[com.google.android.gms:play-services-auth:21.4.0] AndroidManifest.xml:34:13-89
188            android:exported="true"
188-->[com.google.android.gms:play-services-auth:21.4.0] AndroidManifest.xml:35:13-36
189            android:permission="com.google.android.gms.auth.api.signin.permission.REVOCATION_NOTIFICATION"
189-->[com.google.android.gms:play-services-auth:21.4.0] AndroidManifest.xml:36:13-107
190            android:visibleToInstantApps="true" />
190-->[com.google.android.gms:play-services-auth:21.4.0] AndroidManifest.xml:37:13-48
191
192        <receiver
192-->[com.google.firebase:firebase-messaging:23.3.1] AndroidManifest.xml:29:9-40:20
193            android:name="com.google.firebase.iid.FirebaseInstanceIdReceiver"
193-->[com.google.firebase:firebase-messaging:23.3.1] AndroidManifest.xml:30:13-78
194            android:exported="true"
194-->[com.google.firebase:firebase-messaging:23.3.1] AndroidManifest.xml:31:13-36
195            android:permission="com.google.android.c2dm.permission.SEND" >
195-->[com.google.firebase:firebase-messaging:23.3.1] AndroidManifest.xml:32:13-73
196            <intent-filter>
196-->[com.google.firebase:firebase-messaging:23.3.1] AndroidManifest.xml:33:13-35:29
197                <action android:name="com.google.android.c2dm.intent.RECEIVE" />
197-->[com.google.firebase:firebase-messaging:23.3.1] AndroidManifest.xml:34:17-81
197-->[com.google.firebase:firebase-messaging:23.3.1] AndroidManifest.xml:34:25-78
198            </intent-filter>
199
200            <meta-data
200-->[com.google.firebase:firebase-messaging:23.3.1] AndroidManifest.xml:37:13-39:40
201                android:name="com.google.android.gms.cloudmessaging.FINISHED_AFTER_HANDLED"
201-->[com.google.firebase:firebase-messaging:23.3.1] AndroidManifest.xml:38:17-92
202                android:value="true" />
202-->[com.google.firebase:firebase-messaging:23.3.1] AndroidManifest.xml:39:17-37
203        </receiver>
204        <!--
205             FirebaseMessagingService performs security checks at runtime,
206             but set to not exported to explicitly avoid allowing another app to call it.
207        -->
208        <service
208-->[com.google.firebase:firebase-messaging:23.3.1] AndroidManifest.xml:46:9-53:19
209            android:name="com.google.firebase.messaging.FirebaseMessagingService"
209-->[com.google.firebase:firebase-messaging:23.3.1] AndroidManifest.xml:47:13-82
210            android:directBootAware="true"
210-->[com.google.firebase:firebase-messaging:23.3.1] AndroidManifest.xml:48:13-43
211            android:exported="false" >
211-->[com.google.firebase:firebase-messaging:23.3.1] AndroidManifest.xml:49:13-37
212            <intent-filter android:priority="-500" >
212-->[:capacitor-push-notifications] AndroidManifest.xml:11:13-13:29
213                <action android:name="com.google.firebase.MESSAGING_EVENT" />
213-->[:capacitor-push-notifications] AndroidManifest.xml:12:17-78
213-->[:capacitor-push-notifications] AndroidManifest.xml:12:25-75
214            </intent-filter>
215        </service>
216        <service
216-->[com.google.firebase:firebase-messaging:23.3.1] AndroidManifest.xml:54:9-63:19
217            android:name="com.google.firebase.components.ComponentDiscoveryService"
217-->[com.google.firebase:firebase-messaging:23.3.1] AndroidManifest.xml:55:13-84
218            android:directBootAware="true"
218-->[com.google.firebase:firebase-common:20.4.2] AndroidManifest.xml:32:13-43
219            android:exported="false" >
219-->[com.google.firebase:firebase-messaging:23.3.1] AndroidManifest.xml:56:13-37
220            <meta-data
220-->[com.google.firebase:firebase-messaging:23.3.1] AndroidManifest.xml:57:13-59:85
221                android:name="com.google.firebase.components:com.google.firebase.messaging.FirebaseMessagingKtxRegistrar"
221-->[com.google.firebase:firebase-messaging:23.3.1] AndroidManifest.xml:58:17-122
222                android:value="com.google.firebase.components.ComponentRegistrar" />
222-->[com.google.firebase:firebase-messaging:23.3.1] AndroidManifest.xml:59:17-82
223            <meta-data
223-->[com.google.firebase:firebase-messaging:23.3.1] AndroidManifest.xml:60:13-62:85
224                android:name="com.google.firebase.components:com.google.firebase.messaging.FirebaseMessagingRegistrar"
224-->[com.google.firebase:firebase-messaging:23.3.1] AndroidManifest.xml:61:17-119
225                android:value="com.google.firebase.components.ComponentRegistrar" />
225-->[com.google.firebase:firebase-messaging:23.3.1] AndroidManifest.xml:62:17-82
226            <meta-data
226-->[com.google.firebase:firebase-installations:17.2.0] AndroidManifest.xml:15:13-17:85
227                android:name="com.google.firebase.components:com.google.firebase.installations.FirebaseInstallationsKtxRegistrar"
227-->[com.google.firebase:firebase-installations:17.2.0] AndroidManifest.xml:16:17-130
228                android:value="com.google.firebase.components.ComponentRegistrar" />
228-->[com.google.firebase:firebase-installations:17.2.0] AndroidManifest.xml:17:17-82
229            <meta-data
229-->[com.google.firebase:firebase-installations:17.2.0] AndroidManifest.xml:18:13-20:85
230                android:name="com.google.firebase.components:com.google.firebase.installations.FirebaseInstallationsRegistrar"
230-->[com.google.firebase:firebase-installations:17.2.0] AndroidManifest.xml:19:17-127
231                android:value="com.google.firebase.components.ComponentRegistrar" />
231-->[com.google.firebase:firebase-installations:17.2.0] AndroidManifest.xml:20:17-82
232            <meta-data
232-->[com.google.firebase:firebase-common-ktx:20.4.2] AndroidManifest.xml:12:13-14:85
233                android:name="com.google.firebase.components:com.google.firebase.ktx.FirebaseCommonLegacyRegistrar"
233-->[com.google.firebase:firebase-common-ktx:20.4.2] AndroidManifest.xml:13:17-116
234                android:value="com.google.firebase.components.ComponentRegistrar" />
234-->[com.google.firebase:firebase-common-ktx:20.4.2] AndroidManifest.xml:14:17-82
235            <meta-data
235-->[com.google.firebase:firebase-common:20.4.2] AndroidManifest.xml:35:13-37:85
236                android:name="com.google.firebase.components:com.google.firebase.FirebaseCommonKtxRegistrar"
236-->[com.google.firebase:firebase-common:20.4.2] AndroidManifest.xml:36:17-109
237                android:value="com.google.firebase.components.ComponentRegistrar" />
237-->[com.google.firebase:firebase-common:20.4.2] AndroidManifest.xml:37:17-82
238            <meta-data
238-->[com.google.firebase:firebase-datatransport:18.1.7] AndroidManifest.xml:27:13-29:85
239                android:name="com.google.firebase.components:com.google.firebase.datatransport.TransportRegistrar"
239-->[com.google.firebase:firebase-datatransport:18.1.7] AndroidManifest.xml:28:17-115
240                android:value="com.google.firebase.components.ComponentRegistrar" />
240-->[com.google.firebase:firebase-datatransport:18.1.7] AndroidManifest.xml:29:17-82
241        </service>
242
243        <activity
243-->[com.google.android.gms:play-services-base:18.5.0] AndroidManifest.xml:5:9-173
244            android:name="com.google.android.gms.common.api.GoogleApiActivity"
244-->[com.google.android.gms:play-services-base:18.5.0] AndroidManifest.xml:5:19-85
245            android:exported="false"
245-->[com.google.android.gms:play-services-base:18.5.0] AndroidManifest.xml:5:146-170
246            android:theme="@android:style/Theme.Translucent.NoTitleBar" />
246-->[com.google.android.gms:play-services-base:18.5.0] AndroidManifest.xml:5:86-145
247
248        <provider
248-->[com.google.firebase:firebase-common:20.4.2] AndroidManifest.xml:23:9-28:39
249            android:name="com.google.firebase.provider.FirebaseInitProvider"
249-->[com.google.firebase:firebase-common:20.4.2] AndroidManifest.xml:24:13-77
250            android:authorities="com.globalrubber.hub.firebaseinitprovider"
250-->[com.google.firebase:firebase-common:20.4.2] AndroidManifest.xml:25:13-72
251            android:directBootAware="true"
251-->[com.google.firebase:firebase-common:20.4.2] AndroidManifest.xml:26:13-43
252            android:exported="false"
252-->[com.google.firebase:firebase-common:20.4.2] AndroidManifest.xml:27:13-37
253            android:initOrder="100" />
253-->[com.google.firebase:firebase-common:20.4.2] AndroidManifest.xml:28:13-36
254
255        <receiver
255-->[com.facebook.android:facebook-core:18.1.3] AndroidManifest.xml:37:9-43:20
256            android:name="com.facebook.CurrentAccessTokenExpirationBroadcastReceiver"
256-->[com.facebook.android:facebook-core:18.1.3] AndroidManifest.xml:38:13-86
257            android:exported="false" >
257-->[com.facebook.android:facebook-core:18.1.3] AndroidManifest.xml:39:13-37
258            <intent-filter>
258-->[com.facebook.android:facebook-core:18.1.3] AndroidManifest.xml:40:13-42:29
259                <action android:name="com.facebook.sdk.ACTION_CURRENT_ACCESS_TOKEN_CHANGED" />
259-->[com.facebook.android:facebook-core:18.1.3] AndroidManifest.xml:41:17-95
259-->[com.facebook.android:facebook-core:18.1.3] AndroidManifest.xml:41:25-92
260            </intent-filter>
261        </receiver>
262        <receiver
262-->[com.facebook.android:facebook-core:18.1.3] AndroidManifest.xml:44:9-50:20
263            android:name="com.facebook.AuthenticationTokenManager$CurrentAuthenticationTokenChangedBroadcastReceiver"
263-->[com.facebook.android:facebook-core:18.1.3] AndroidManifest.xml:45:13-118
264            android:exported="false" >
264-->[com.facebook.android:facebook-core:18.1.3] AndroidManifest.xml:46:13-37
265            <intent-filter>